<?xml version="1.0" encoding="UTF-8"?>
<testsuite name="com.swf.hackathon.HackathonApplicationTests" tests="1" skipped="0" failures="0" errors="0" timestamp="2024-04-13T16:50:27" hostname="RGCAFC92123" time="0.45">
  <properties/>
  <testcase name="contextLoads()" classname="com.swf.hackathon.HackathonApplicationTests" time="0.45"/>
  <system-out><![CDATA[11:50:25.194 [Test worker] INFO org.springframework.test.context.support.AnnotationConfigContextLoaderUtils -- Could not detect default configuration classes for test class [com.swf.hackathon.HackathonApplicationTests]: HackathonApplicationTests does not declare any static, non-private, non-final, nested classes annotated with @Configuration.
11:50:25.274 [Test worker] INFO org.springframework.boot.test.context.SpringBootTestContextBootstrapper -- Found @SpringBootConfiguration com.swf.hackathon.HackathonApplication for test class com.swf.hackathon.HackathonApplicationTests

  .   ____          _            __ _ _
 /\\ / ___'_ __ _ _(_)_ __  __ _ \ \ \ \
( ( )\___ | '_ | '_| | '_ \/ _` | \ \ \ \
 \\/  ___)| |_)| | | | | || (_| |  ) ) ) )
  '  |____| .__|_| |_|_| |_\__, | / / / /
 =========|_|==============|___/=/_/_/_/
 :: Spring Boot ::                (v3.1.4)

2024-04-13T11:50:25.597-05:00  INFO 91659 --- [    Test worker] c.s.hackathon.HackathonApplicationTests  : Starting HackathonApplicationTests using Java 17.0.10 with PID 91659 (started by j2350125 in /Users/j2350125/Developer/Riverbat_Hackathon)
2024-04-13T11:50:25.598-05:00  INFO 91659 --- [    Test worker] c.s.hackathon.HackathonApplicationTests  : The following 1 profile is active: "local"
2024-04-13T11:50:26.049-05:00  INFO 91659 --- [    Test worker] .s.d.r.c.RepositoryConfigurationDelegate : Bootstrapping Spring Data JPA repositories in DEFAULT mode.
2024-04-13T11:50:26.068-05:00  INFO 91659 --- [    Test worker] .s.d.r.c.RepositoryConfigurationDelegate : Finished Spring Data repository scanning in 13 ms. Found 0 JPA repository interfaces.
2024-04-13T11:50:26.383-05:00  INFO 91659 --- [    Test worker] o.f.c.internal.license.VersionPrinter    : Flyway Community Edition 9.16.3 by Redgate
2024-04-13T11:50:26.383-05:00  INFO 91659 --- [    Test worker] o.f.c.internal.license.VersionPrinter    : See release notes here: https://rd.gt/416ObMi
2024-04-13T11:50:26.383-05:00  INFO 91659 --- [    Test worker] o.f.c.internal.license.VersionPrinter    : 
2024-04-13T11:50:26.389-05:00  INFO 91659 --- [    Test worker] com.zaxxer.hikari.HikariDataSource       : HikariPool-1 - Starting...
2024-04-13T11:50:26.515-05:00  INFO 91659 --- [    Test worker] com.zaxxer.hikari.pool.HikariPool        : HikariPool-1 - Added connection org.postgresql.jdbc.PgConnection@3e0eb917
2024-04-13T11:50:26.516-05:00  INFO 91659 --- [    Test worker] com.zaxxer.hikari.HikariDataSource       : HikariPool-1 - Start completed.
2024-04-13T11:50:26.536-05:00  INFO 91659 --- [    Test worker] o.f.c.i.database.base.BaseDatabaseType   : Database: jdbc:postgresql://localhost:5433/bridge_db (PostgreSQL 16.2)
2024-04-13T11:50:26.547-05:00  WARN 91659 --- [    Test worker] o.f.c.internal.database.base.Database    : Flyway upgrade recommended: PostgreSQL 16.2 is newer than this version of Flyway and support has not been tested. The latest supported version of PostgreSQL is 15.
2024-04-13T11:50:26.569-05:00  INFO 91659 --- [    Test worker] o.f.core.internal.command.DbValidate     : Successfully validated 0 migrations (execution time 00:00.012s)
2024-04-13T11:50:26.569-05:00  WARN 91659 --- [    Test worker] o.f.core.internal.command.DbValidate     : No migrations found. Are your locations set up correctly?
2024-04-13T11:50:26.608-05:00  INFO 91659 --- [    Test worker] o.f.core.internal.command.DbMigrate      : Current version of schema "public": << Empty Schema >>
2024-04-13T11:50:26.610-05:00  INFO 91659 --- [    Test worker] o.f.core.internal.command.DbMigrate      : Schema "public" is up to date. No migration necessary.
2024-04-13T11:50:26.676-05:00  INFO 91659 --- [    Test worker] o.hibernate.jpa.internal.util.LogHelper  : HHH000204: Processing PersistenceUnitInfo [name: default]
2024-04-13T11:50:26.717-05:00  INFO 91659 --- [    Test worker] org.hibernate.Version                    : HHH000412: Hibernate ORM core version 6.2.9.Final
2024-04-13T11:50:26.719-05:00  INFO 91659 --- [    Test worker] org.hibernate.cfg.Environment            : HHH000406: Using bytecode reflection optimizer
2024-04-13T11:50:26.821-05:00  INFO 91659 --- [    Test worker] o.h.b.i.BytecodeProviderInitiator        : HHH000021: Bytecode provider name : bytebuddy
2024-04-13T11:50:26.918-05:00  INFO 91659 --- [    Test worker] o.s.o.j.p.SpringPersistenceUnitInfo      : No LoadTimeWeaver setup: ignoring JPA class transformer
2024-04-13T11:50:27.023-05:00  INFO 91659 --- [    Test worker] o.h.b.i.BytecodeProviderInitiator        : HHH000021: Bytecode provider name : bytebuddy
2024-04-13T11:50:27.176-05:00  INFO 91659 --- [    Test worker] o.h.e.t.j.p.i.JtaPlatformInitiator       : HHH000490: Using JtaPlatform implementation: [org.hibernate.engine.transaction.jta.platform.internal.NoJtaPlatform]
2024-04-13T11:50:27.179-05:00  INFO 91659 --- [    Test worker] j.LocalContainerEntityManagerFactoryBean : Initialized JPA EntityManagerFactory for persistence unit 'default'
2024-04-13T11:50:27.284-05:00  WARN 91659 --- [    Test worker] JpaBaseConfiguration$JpaWebConfiguration : spring.jpa.open-in-view is enabled by default. Therefore, database queries may be performed during view rendering. Explicitly configure spring.jpa.open-in-view to disable this warning
2024-04-13T11:50:27.546-05:00  INFO 91659 --- [    Test worker] c.s.hackathon.HackathonApplicationTests  : Started HackathonApplicationTests in 2.164 seconds (process running for 3.001)
]]></system-out>
  <system-err><![CDATA[]]></system-err>
</testsuite>
